Removed Pin From Net: NetName=CSN Pin=Mos1-D
Removed Pin From Net: NetName=CSN_IN Pin=Mos1-S
Removed Pin From Net: NetName=CLK Pin=Mos2-D
Removed Pin From Net: NetName=CLK_IN Pin=Mos2-S
Removed Pin From Net: NetName=5V Pin=R1-1
Removed Pin From Net: NetName=CSN Pin=R1-2
Removed Pin From Net: NetName=5V Pin=R2-1
Removed Pin From Net: NetName=CLK Pin=R2-2
Removed Pin From Net: NetName=3V3 Pin=R3-1
Removed Pin From Net: NetName=3V3 Pin=R4-1
Removed Pin From Net: NetName=3V3 Pin=R5-1
Removed Pin From Net: NetName=CSN_IN Pin=R5-2
Removed Pin From Net: NetName=3V3 Pin=R6-1
Removed Pin From Net: NetName=CLK_IN Pin=R6-2
Removed Member From Class: ClassName=Sheet Member=Mos1
Removed Member From Class: ClassName=Sheet Member=Mos2
Removed Member From Class: ClassName=Sheet Member=R1
Removed Member From Class: ClassName=Sheet Member=R2
Removed Member From Class: ClassName=Sheet Member=R3
Removed Member From Class: ClassName=Sheet Member=R4
Removed Member From Class: ClassName=Sheet Member=R5
Removed Member From Class: ClassName=Sheet Member=R6
Added Component: Designator=C3(CAP_0603)
Added Component: Designator=RT?(SOT23-5)
Added Pin To Net: NetName=GND Pin=C3-1
Added Pin To Net: NetName=5V Pin=C3-2
Added Pin To Net: NetName=5V Pin=RT?-1
Added Pin To Net: NetName=GND Pin=RT?-2
Added Member To Class: ClassName=Sheet Member=Component RT? RT9193
