Removed Pin From Net: NetName=VDD Pin=AS1-11
Removed Pin From Net: NetName=VDD Pin=R4-1
Removed Pin From Net: NetName=3V3 Pin=R4-2
Removed Member From Class: ClassName=Sheet Member=R4
Change Component Footprint: Designator=P1 Old Footprint=HDR1X6_2.54_90F New Footprint=HDR1X6_2.54_180F
Change Component Footprint: Designator=P2 Old Footprint=HDR1X6_2.54_90F New Footprint=HDR1X6_2.54_180F
Added Component: Designator=C2(CAP_0603)
Added Component: Designator=C3(CAP_0603)
Added Component: Designator=C4(CAP_0603)
Added Component: Designator=RT1(SOT23-5)
Added Pin To Net: NetName=3V3 Pin=AS1-11
Added Pin To Net: NetName=GND Pin=C2-1
Added Pin To Net: NetName=VDD Pin=C2-2
Added Pin To Net: NetName=GND Pin=C3-1
Added Pin To Net: NetName=GND Pin=C4-1
Added Pin To Net: NetName=VDD Pin=RT1-1
Added Pin To Net: NetName=GND Pin=RT1-2
Added Pin To Net: NetName=VDD Pin=RT1-3
Added Pin To Net: NetName=NetC3_2 Pin=C3-2
Added Pin To Net: NetName=NetC3_2 Pin=RT1-5
Added Net: Name=NetC3_2
Added Pin To Net: NetName=NetC4_2 Pin=C4-2
Added Pin To Net: NetName=NetC4_2 Pin=RT1-4
Added Net: Name=NetC4_2
Added Member To Class: ClassName=Sheet Member=Component C2 Cap_0603
Added Member To Class: ClassName=Sheet Member=Component C3 Cap_0603
Added Member To Class: ClassName=Sheet Member=Component C4 Cap_0603
Added Member To Class: ClassName=Sheet Member=Component RT1 RT9193
