Removed Pin From Net: NetName=A Pin=AS1-3
Removed Pin From Net: NetName=B Pin=AS1-4
Removed Pin From Net: NetName=I Pin=AS1-6
Removed Pin From Net: NetName=GND Pin=AS1-7
Removed Pin From Net: NetName=CLK Pin=AS1-10
Removed Pin From Net: NetName=CSN Pin=AS1-11
Removed Pin From Net: NetName=PWM Pin=AS1-12
Removed Pin From Net: NetName=3V3 Pin=AS1-15
Removed Pin From Net: NetName=3V3 Pin=AS1-16
Removed Pin From Net: NetName=GND Pin=C1-1
Removed Pin From Net: NetName=3V3 Pin=C1-2
Removed Pin From Net: NetName=GND Pin=C2-1
Removed Pin From Net: NetName=GND Pin=C3-1
Removed Pin From Net: NetName=3V3 Pin=C4-1
Removed Pin From Net: NetName=GND Pin=C4-2
Removed Pin From Net: NetName=3V3 Pin=C5-1
Removed Pin From Net: NetName=GND Pin=C5-2
Removed Pin From Net: NetName=CSN Pin=P1-4
Removed Pin From Net: NetName=GND Pin=P1-5
Removed Pin From Net: NetName=B Pin=P2-2
Removed Pin From Net: NetName=A Pin=P2-3
Removed Pin From Net: NetName=GND Pin=P2-5
Removed Pin From Net: NetName=GND Pin=P3-3
Removed Pin From Net: NetName=PWM Pin=P4-1
Removed Pin From Net: NetName=3V3 Pin=R4-1
Removed Pin From Net: NetName=3V3 Pin=R5-1
Removed Pin From Net: NetName=GND Pin=RT1-2
Removed Pin From Net: NetName=3V3 Pin=RT1-5
Removed Member From Class: ClassName=Sheet Member=C2
Removed Member From Class: ClassName=Sheet Member=C3
Removed Member From Class: ClassName=Sheet Member=C4
Removed Member From Class: ClassName=Sheet Member=C5
Removed Member From Class: ClassName=Sheet Member=Mos1
Removed Member From Class: ClassName=Sheet Member=P3
Removed Member From Class: ClassName=Sheet Member=P4
Removed Member From Class: ClassName=Sheet Member=RT1
Change Component DesignItemId : Designator=AS1 Old DesignItemId=AS5040 New DesignItemId=AS5047P
Change Component DesignItemId : Designator=P1 Old DesignItemId=HDR1x5_2.54 New DesignItemId=HDR1x6_2.54T
Change Component DesignItemId : Designator=P2 Old DesignItemId=HDR1x5_2.54 New DesignItemId=HDR1x6_2.54T
Change Component Footprint: Designator=AS1 Old Footprint=AS5040 New Footprint=AS5047P
Change Component Footprint: Designator=P1 Old Footprint=HDR1X5_2.54_180 New Footprint=PH2X6_2.00mm
Change Component Footprint: Designator=P2 Old Footprint=HDR1X5_2.54_180 New Footprint=PH2X6_2.00mm
Change Component Comment : Designator=AS1 Old Comment=AS5040 New Comment=AS5047P
Change Component Comment : Designator=P1 Old Comment=HDR1x5_2.54 New Comment=HDR1x6_2.54
Change Component Comment : Designator=P2 Old Comment=HDR1x5_2.54 New Comment=HDR1x6_2.54
Added Component: Designator=R6(RES_0603)
Added Component: Designator=R7(RES_0603)
Added Component: Designator=R8(RES_0603)
Added Pin To Net: NetName=CSN Pin=AS1-1
Added Pin To Net: NetName=CLK Pin=AS1-2
Added Pin To Net: NetName=GND Pin=AS1-5
Added Pin To Net: NetName=B Pin=AS1-6
Added Pin To Net: NetName=A Pin=AS1-7
Added Pin To Net: NetName=3V3 Pin=AS1-12
Added Pin To Net: NetName=GND Pin=AS1-13
Added Pin To Net: NetName=I Pin=AS1-14
Added Pin To Net: NetName=3V3 Pin=C1-1
Added Pin To Net: NetName=GND Pin=C1-2
Added Pin To Net: NetName=CSN Pin=P1-2
Added Pin To Net: NetName=GND Pin=P1-6
Added Pin To Net: NetName=A Pin=P2-2
Added Pin To Net: NetName=B Pin=P2-3
Added Pin To Net: NetName=I Pin=P2-5
Added Pin To Net: NetName=GND Pin=P2-6
Added Pin To Net: NetName=CSN Pin=R1-1
Added Pin To Net: NetName=3V3 Pin=R4-2
Added Pin To Net: NetName=I Pin=R5-1
Added Pin To Net: NetName=PWM Pin=R5-2
Added Pin To Net: NetName=CLK Pin=R6-1
Added Pin To Net: NetName=GND Pin=R6-2
Added Pin To Net: NetName=GND Pin=R7-2
Added Pin To Net: NetName=PWM Pin=R8-2
Added Pin To Net: NetName=MISO Pin=AS1-4
Added Pin To Net: NetName=MISO Pin=P1-5
Added Net: Name=MISO
Added Pin To Net: NetName=MOSI Pin=AS1-3
Added Pin To Net: NetName=MOSI Pin=P1-4
Added Pin To Net: NetName=MOSI Pin=R7-1
Added Net: Name=MOSI
Added Pin To Net: NetName=NetAS1_8 Pin=AS1-8
Added Pin To Net: NetName=NetAS1_8 Pin=R8-1
Added Net: Name=NetAS1_8
Added Pin To Net: NetName=VDD Pin=AS1-11
Added Pin To Net: NetName=VDD Pin=P1-1
Added Pin To Net: NetName=VDD Pin=P2-1
Added Pin To Net: NetName=VDD Pin=R1-2
Added Pin To Net: NetName=VDD Pin=R4-1
Added Net: Name=VDD
Added Member To Class: ClassName=Sheet Member=Component R6 Res_0603
Added Member To Class: ClassName=Sheet Member=Component R7 Res_0603
Added Member To Class: ClassName=Sheet Member=Component R8 Res_0603
