Removed Pin From Net: NetName=5V Pin=AS-16
Removed Pin From Net: NetName=GND Pin=C1-1
Removed Pin From Net: NetName=5V Pin=C1-2
Change Component Designator: OldDesignator=AS NewDesignator=AS1
Change Component Designator: OldDesignator=C1 NewDesignator=C4
Change Component Designator: OldDesignator=C2 NewDesignator=C6
Change Component Designator: OldDesignator=C3 NewDesignator=C2
Change Component Designator: OldDesignator=C3 NewDesignator=C7
Change Component Designator: OldDesignator=Mos3 NewDesignator=Mos1
Change Component Designator: OldDesignator=R7 NewDesignator=R1
Change Component Designator: OldDesignator=R8 NewDesignator=R2
Change Component Designator: OldDesignator=R9 NewDesignator=R3
Change Component Designator: OldDesignator=R10 NewDesignator=R4
Change Component Designator: OldDesignator=R11 NewDesignator=R5
Change Component Designator: OldDesignator=RT? NewDesignator=RT1
Added Component: Designator=C1(CAP_0603)
Added Component: Designator=C3(CAP_0603)
Added Component: Designator=C5(CAP_0603)
Added Pin To Net: NetName=3V3 Pin=AS1-16
Added Pin To Net: NetName=GND Pin=C1-1
Added Pin To Net: NetName=3V3 Pin=C1-2
Added Pin To Net: NetName=GND Pin=C3-1
Added Pin To Net: NetName=3V3 Pin=C4-1
Added Pin To Net: NetName=GND Pin=C4-2
Added Pin To Net: NetName=3V3 Pin=C5-1
Added Pin To Net: NetName=GND Pin=C5-2
Added Pin To Net: NetName=5V Pin=RT1-3
Added Pin To Net: NetName=3V3 Pin=RT1-5
Change Net Name : Old Net Name=NetC2_2 New Net Name=NetC6_2
Change Net Name : Old Net Name=NetMos3_G New Net Name=NetMos1_G
Added Pin To Net: NetName=NetC3_2 Pin=C3-2
Added Pin To Net: NetName=NetC3_2 Pin=RT1-4
Added Net: Name=NetC3_2
Added Member To Class: ClassName=Sheet Member=Component C4 Cap_0603
Added Member To Class: ClassName=Sheet Member=Component C5 Cap_0603
Added Member To Class: ClassName=Sheet Member=Component C6 Cap_0603
Added Member To Class: ClassName=Sheet Member=Component C7 Cap_0603
